2017-09-18 11:00:00 - PHP Notice:  Undefined variable: data in D:\OpenServer\domains\odri.loc\catalog\controller\extension\module\odri.php on line 9
2017-09-18 11:00:00 - PHP Warning:  Invalid argument supplied for foreach() in D:\OpenServer\domains\odri.loc\system\engine\loader.php on line 83
2017-09-18 11:00:00 - PHP Notice:  Undefined variable: heading_title in D:\OpenServer\domains\odri.loc\catalog\view\theme\odri\template\extension\module\featured.tpl on line 1
2017-09-18 11:00:00 - PHP Notice:  Undefined variable: products in D:\OpenServer\domains\odri.loc\catalog\view\theme\odri\template\extension\module\featured.tpl on line 3
2017-09-18 11:00:00 - PHP Warning:  Invalid argument supplied for foreach() in D:\OpenServer\domains\odri.loc\catalog\view\theme\odri\template\extension\module\featured.tpl on line 3
2017-09-18 11:00:18 - PHP Notice:  Undefined variable: data in D:\OpenServer\domains\odri.loc\catalog\controller\extension\module\odri.php on line 9
2017-09-18 11:00:18 - PHP Warning:  Invalid argument supplied for foreach() in D:\OpenServer\domains\odri.loc\system\engine\loader.php on line 83
2017-09-18 11:07:13 - PHP Notice:  Undefined index: banner_id in D:\OpenServer\domains\odri.loc\admin\controller\extension\module\odri.php on line 176
2017-09-18 11:07:13 - PHP Notice:  Undefined index: width_banner in D:\OpenServer\domains\odri.loc\admin\controller\extension\module\odri.php on line 188
2017-09-18 11:07:13 - PHP Notice:  Undefined index: height_banner in D:\OpenServer\domains\odri.loc\admin\controller\extension\module\odri.php on line 196
2017-09-18 11:19:17 - PHP Notice:  Undefined index: banner_id in D:\OpenServer\domains\odri.loc\catalog\controller\extension\module\odri.php on line 14
2017-09-18 11:21:07 - PHP Notice:  Undefined index: banner_id in D:\OpenServer\domains\odri.loc\catalog\controller\extension\module\odri.php on line 14
2017-09-18 11:21:26 - PHP Notice:  Undefined index: banner_id in D:\OpenServer\domains\odri.loc\catalog\controller\extension\module\odri.php on line 14
2017-09-18 11:21:26 - PHP Notice:  Undefined index: banner_id in D:\OpenServer\domains\odri.loc\catalog\controller\extension\module\odri.php on line 16
2017-09-18 11:27:29 - PHP Notice:  Undefined index: banner_id in D:\OpenServer\domains\odri.loc\catalog\controller\extension\module\odri.php on line 14
2017-09-18 11:27:29 - PHP Notice:  Undefined index: banner_id in D:\OpenServer\domains\odri.loc\catalog\controller\extension\module\odri.php on line 16
2017-09-18 11:32:26 - PHP Notice:  Undefined index: banner_id in D:\OpenServer\domains\odri.loc\catalog\controller\extension\module\odri.php on line 14
2017-09-18 11:32:26 - PHP Notice:  Undefined index: banner_id in D:\OpenServer\domains\odri.loc\catalog\controller\extension\module\odri.php on line 16
2017-09-18 11:32:32 - PHP Notice:  Undefined index: banner_id in D:\OpenServer\domains\odri.loc\catalog\controller\extension\module\odri.php on line 14
2017-09-18 11:32:32 - PHP Notice:  Undefined index: banner_id in D:\OpenServer\domains\odri.loc\catalog\controller\extension\module\odri.php on line 16
2017-09-18 11:33:45 - PHP Notice:  Undefined index: banner_id in D:\OpenServer\domains\odri.loc\catalog\controller\extension\module\odri.php on line 14
2017-09-18 11:33:45 - PHP Notice:  Undefined index: banner_id in D:\OpenServer\domains\odri.loc\catalog\controller\extension\module\odri.php on line 16
2017-09-18 11:34:17 - PHP Notice:  Undefined index: banner_id in D:\OpenServer\domains\odri.loc\catalog\controller\extension\module\odri.php on line 14
2017-09-18 11:34:17 - PHP Notice:  Undefined index: banner_id in D:\OpenServer\domains\odri.loc\catalog\controller\extension\module\odri.php on line 16
2017-09-18 11:34:26 - PHP Notice:  Undefined index: banner_id in D:\OpenServer\domains\odri.loc\catalog\controller\extension\module\odri.php on line 14
2017-09-18 11:34:26 - PHP Notice:  Undefined index: banner_id in D:\OpenServer\domains\odri.loc\catalog\controller\extension\module\odri.php on line 16
2017-09-18 11:35:37 - PHP Notice:  Undefined index: banner_id in D:\OpenServer\domains\odri.loc\catalog\controller\extension\module\odri.php on line 14
2017-09-18 11:35:37 - PHP Notice:  Undefined index: banner_id in D:\OpenServer\domains\odri.loc\catalog\controller\extension\module\odri.php on line 16
2017-09-18 11:36:21 - PHP Notice:  Undefined variable: data in D:\OpenServer\domains\odri.loc\catalog\controller\extension\module\odri.php on line 8
2017-09-18 11:36:21 - PHP Warning:  Invalid argument supplied for foreach() in D:\OpenServer\domains\odri.loc\system\engine\loader.php on line 83
2017-09-18 11:38:56 - PHP Notice:  Undefined index: banner_id in D:\OpenServer\domains\odri.loc\catalog\controller\extension\module\odri.php on line 14
2017-09-18 11:38:56 - PHP Notice:  Undefined index: banner_id in D:\OpenServer\domains\odri.loc\catalog\controller\extension\module\odri.php on line 16
2017-09-18 11:39:06 - PHP Notice:  Undefined index: banner_id in D:\OpenServer\domains\odri.loc\catalog\controller\extension\module\odri.php on line 14
2017-09-18 11:39:06 - PHP Notice:  Undefined index: banner_id in D:\OpenServer\domains\odri.loc\catalog\controller\extension\module\odri.php on line 16
2017-09-18 11:42:14 - PHP Notice:  Undefined variable: data in D:\OpenServer\domains\odri.loc\catalog\controller\extension\module\odri.php on line 9
2017-09-18 11:42:14 - PHP Warning:  Invalid argument supplied for foreach() in D:\OpenServer\domains\odri.loc\system\engine\loader.php on line 83
2017-09-18 11:42:27 - PHP Notice:  Undefined index: banner_id in D:\OpenServer\domains\odri.loc\catalog\controller\extension\module\odri.php on line 15
2017-09-18 11:42:27 - PHP Notice:  Undefined index: banner_id in D:\OpenServer\domains\odri.loc\catalog\controller\extension\module\odri.php on line 17
2017-09-18 11:51:52 - PHP Notice:  Undefined index: banner_id in D:\OpenServer\domains\odri.loc\catalog\controller\extension\module\odri.php on line 15
2017-09-18 11:51:52 - PHP Notice:  Undefined index: banner_id in D:\OpenServer\domains\odri.loc\catalog\controller\extension\module\odri.php on line 17
2017-09-18 11:52:06 - PHP Notice:  Undefined index: banner_id in D:\OpenServer\domains\odri.loc\catalog\controller\extension\module\odri.php on line 17
2017-09-18 11:52:22 - PHP Notice:  Undefined index: banner_id in D:\OpenServer\domains\odri.loc\catalog\controller\extension\module\odri.php on line 17
2017-09-18 12:19:49 - PHP Notice:  Undefined index: permission in D:\OpenServer\domains\odri.loc\system\library\cart\user.php on line 25
2017-09-18 12:19:53 - PHP Notice:  Undefined index: permission in D:\OpenServer\domains\odri.loc\system\library\cart\user.php on line 25
2017-09-18 12:21:32 - PHP Notice:  Undefined index: permission in D:\OpenServer\domains\odri.loc\system\library\cart\user.php on line 25
2017-09-18 12:21:36 - PHP Notice:  Undefined index: permission in D:\OpenServer\domains\odri.loc\system\library\cart\user.php on line 25
2017-09-18 12:21:36 - PHP Notice:  Undefined index: permission in D:\OpenServer\domains\odri.loc\system\library\cart\user.php on line 50
2017-09-18 12:21:36 - PHP Warning:  Cannot modify header information - headers already sent by (output started at D:\OpenServer\domains\odri.loc\admin\controller\startup\error.php:34) in D:\OpenServer\domains\odri.loc\system\library\response.php on line 12
2017-09-18 12:21:39 - PHP Notice:  Undefined index: permission in D:\OpenServer\domains\odri.loc\system\library\cart\user.php on line 25
2017-09-18 12:21:39 - PHP Notice:  Undefined index: permission in D:\OpenServer\domains\odri.loc\system\library\cart\user.php on line 50
2017-09-18 12:21:39 - PHP Warning:  Cannot modify header information - headers already sent by (output started at D:\OpenServer\domains\odri.loc\admin\controller\startup\error.php:34) in D:\OpenServer\domains\odri.loc\system\library\response.php on line 12
2017-09-18 12:21:54 - PHP Notice:  Undefined index: permission in D:\OpenServer\domains\odri.loc\system\library\cart\user.php on line 25
2017-09-18 12:21:58 - PHP Notice:  Undefined index: permission in D:\OpenServer\domains\odri.loc\system\library\cart\user.php on line 25
2017-09-18 12:21:58 - PHP Notice:  Undefined index: permission in D:\OpenServer\domains\odri.loc\system\library\cart\user.php on line 50
2017-09-18 12:21:58 - PHP Warning:  Cannot modify header information - headers already sent by (output started at D:\OpenServer\domains\odri.loc\admin\controller\startup\error.php:34) in D:\OpenServer\domains\odri.loc\system\library\response.php on line 12
2017-09-18 12:27:19 - PHP Notice:  Undefined index: permission in D:\OpenServer\domains\odri.loc\system\library\cart\user.php on line 25
2017-09-18 12:27:24 - PHP Notice:  Undefined index: permission in D:\OpenServer\domains\odri.loc\system\library\cart\user.php on line 25
2017-09-18 12:27:24 - PHP Notice:  Undefined index: permission in D:\OpenServer\domains\odri.loc\system\library\cart\user.php on line 50
2017-09-18 12:27:24 - PHP Warning:  Cannot modify header information - headers already sent by (output started at D:\OpenServer\domains\odri.loc\admin\controller\startup\error.php:34) in D:\OpenServer\domains\odri.loc\system\library\response.php on line 12
2017-09-18 12:27:47 - PHP Notice:  Undefined index: permission in D:\OpenServer\domains\odri.loc\system\library\cart\user.php on line 25
2017-09-18 12:27:47 - PHP Notice:  Undefined index: permission in D:\OpenServer\domains\odri.loc\system\library\cart\user.php on line 50
2017-09-18 12:27:47 - PHP Warning:  Cannot modify header information - headers already sent by (output started at D:\OpenServer\domains\odri.loc\admin\controller\startup\error.php:34) in D:\OpenServer\domains\odri.loc\system\library\response.php on line 12
2017-09-18 12:27:55 - PHP Notice:  Undefined index: permission in D:\OpenServer\domains\odri.loc\system\library\cart\user.php on line 25
2017-09-18 12:27:59 - PHP Notice:  Undefined index: permission in D:\OpenServer\domains\odri.loc\system\library\cart\user.php on line 25
2017-09-18 12:27:59 - PHP Notice:  Undefined index: permission in D:\OpenServer\domains\odri.loc\system\library\cart\user.php on line 50
2017-09-18 12:27:59 - PHP Warning:  Cannot modify header information - headers already sent by (output started at D:\OpenServer\domains\odri.loc\admin\controller\startup\error.php:34) in D:\OpenServer\domains\odri.loc\system\library\response.php on line 12
2017-09-18 12:50:04 - PHP Notice:  Undefined index: banner_id in D:\OpenServer\domains\odri.loc\admin\controller\extension\module\odrimain.php on line 168
2017-09-18 12:50:04 - PHP Notice:  Undefined index: width_banner in D:\OpenServer\domains\odri.loc\admin\controller\extension\module\odrimain.php on line 176
2017-09-18 12:50:04 - PHP Notice:  Undefined index: height_banner in D:\OpenServer\domains\odri.loc\admin\controller\extension\module\odrimain.php on line 184
2017-09-18 14:02:57 - PHP Notice:  Undefined index: module_description in D:\OpenServer\domains\odri.loc\admin\controller\extension\module\odrimain.php on line 161
2017-09-18 14:02:57 - PHP Notice:  Undefined variable: entry_title in D:\OpenServer\domains\odri.loc\admin\view\template\extension\module\odrimain.tpl on line 80
2017-09-18 14:02:57 - PHP Notice:  Undefined variable: entry_title in D:\OpenServer\domains\odri.loc\admin\view\template\extension\module\odrimain.tpl on line 82
2017-09-18 14:02:57 - PHP Notice:  Undefined variable: lang in D:\OpenServer\domains\odri.loc\admin\view\template\extension\module\odrimain.tpl on line 88
2017-09-18 14:03:43 - PHP Notice:  Undefined index: module_description in D:\OpenServer\domains\odri.loc\admin\controller\extension\module\odrimain.php on line 161
2017-09-18 14:03:43 - PHP Notice:  Undefined variable: entry_title in D:\OpenServer\domains\odri.loc\admin\view\template\extension\module\odrimain.tpl on line 80
2017-09-18 14:03:43 - PHP Notice:  Undefined variable: entry_title in D:\OpenServer\domains\odri.loc\admin\view\template\extension\module\odrimain.tpl on line 82
2017-09-18 14:03:43 - PHP Notice:  Undefined variable: lang in D:\OpenServer\domains\odri.loc\admin\view\template\extension\module\odrimain.tpl on line 88
2017-09-18 14:03:43 - PHP Notice:  Undefined variable: ckeditor in D:\OpenServer\domains\odri.loc\admin\view\template\extension\module\odrimain.tpl on line 190
2017-09-18 14:04:09 - PHP Notice:  Undefined index: module_description in D:\OpenServer\domains\odri.loc\admin\controller\extension\module\odrimain.php on line 161
2017-09-18 14:04:09 - PHP Notice:  Undefined variable: lang in D:\OpenServer\domains\odri.loc\admin\view\template\extension\module\odrimain.tpl on line 82
2017-09-18 14:04:09 - PHP Notice:  Undefined variable: ckeditor in D:\OpenServer\domains\odri.loc\admin\view\template\extension\module\odrimain.tpl on line 184
2017-09-18 14:04:13 - PHP Notice:  Undefined variable: lang in D:\OpenServer\domains\odri.loc\admin\view\template\extension\module\odrimain.tpl on line 82
2017-09-18 14:04:13 - PHP Notice:  Undefined variable: ckeditor in D:\OpenServer\domains\odri.loc\admin\view\template\extension\module\odrimain.tpl on line 184
2017-09-18 14:05:50 - PHP Notice:  Undefined variable: lang in D:\OpenServer\domains\odri.loc\admin\view\template\extension\module\odrimain.tpl on line 85
2017-09-18 14:05:50 - PHP Notice:  Undefined variable: ckeditor in D:\OpenServer\domains\odri.loc\admin\view\template\extension\module\odrimain.tpl on line 187
2017-09-18 14:06:20 - PHP Notice:  Undefined variable: lang in D:\OpenServer\domains\odri.loc\admin\view\template\extension\module\odrimain.tpl on line 85
2017-09-18 14:06:20 - PHP Notice:  Undefined variable: ckeditor in D:\OpenServer\domains\odri.loc\admin\view\template\extension\module\odrimain.tpl on line 187
2017-09-18 14:09:48 - PHP Notice:  Undefined variable: lang in D:\OpenServer\domains\odri.loc\admin\view\template\extension\module\odrimain.tpl on line 85
2017-09-18 14:09:48 - PHP Notice:  Undefined variable: ckeditor in D:\OpenServer\domains\odri.loc\admin\view\template\extension\module\odrimain.tpl on line 187
2017-09-18 14:10:33 - PHP Notice:  Undefined variable: lang in D:\OpenServer\domains\odri.loc\admin\view\template\extension\module\odrimain.tpl on line 85
2017-09-18 14:10:33 - PHP Notice:  Undefined variable: ckeditor in D:\OpenServer\domains\odri.loc\admin\view\template\extension\module\odrimain.tpl on line 187
2017-09-18 14:11:00 - PHP Notice:  Undefined variable: lang in D:\OpenServer\domains\odri.loc\admin\view\template\extension\module\odrimain.tpl on line 85
2017-09-18 14:11:00 - PHP Notice:  Undefined variable: ckeditor in D:\OpenServer\domains\odri.loc\admin\view\template\extension\module\odrimain.tpl on line 187
2017-09-18 14:11:11 - PHP Notice:  Undefined variable: lang in D:\OpenServer\domains\odri.loc\admin\view\template\extension\module\odrimain.tpl on line 85
2017-09-18 14:11:11 - PHP Notice:  Undefined variable: ckeditor in D:\OpenServer\domains\odri.loc\admin\view\template\extension\module\odrimain.tpl on line 187
2017-09-18 14:12:07 - PHP Notice:  Undefined variable: lang in D:\OpenServer\domains\odri.loc\admin\view\template\extension\module\odrimain.tpl on line 85
2017-09-18 14:12:07 - PHP Notice:  Undefined variable: ckeditor in D:\OpenServer\domains\odri.loc\admin\view\template\extension\module\odrimain.tpl on line 187
2017-09-18 14:13:20 - PHP Notice:  Undefined variable: lang in D:\OpenServer\domains\odri.loc\admin\view\template\extension\module\odrimain.tpl on line 85
2017-09-18 14:13:20 - PHP Notice:  Undefined variable: ckeditor in D:\OpenServer\domains\odri.loc\admin\view\template\extension\module\odrimain.tpl on line 187
2017-09-18 14:27:51 - PHP Notice:  Undefined variable: product_info in D:\OpenServer\domains\odri.loc\catalog\controller\extension\module\odrimain.php on line 74
2017-09-18 14:27:51 - PHP Notice:  Undefined index: title in D:\OpenServer\domains\odri.loc\catalog\controller\extension\module\odrimain.php on line 81
2017-09-18 14:27:51 - PHP Notice:  Undefined variable: product_info in D:\OpenServer\domains\odri.loc\catalog\controller\extension\module\odrimain.php on line 74
2017-09-18 14:27:51 - PHP Notice:  Undefined index: title in D:\OpenServer\domains\odri.loc\catalog\controller\extension\module\odrimain.php on line 81
2017-09-18 14:27:51 - PHP Notice:  Undefined variable: product_info in D:\OpenServer\domains\odri.loc\catalog\controller\extension\module\odrimain.php on line 74
2017-09-18 14:27:51 - PHP Notice:  Undefined index: title in D:\OpenServer\domains\odri.loc\catalog\controller\extension\module\odrimain.php on line 81
2017-09-18 14:27:51 - PHP Notice:  Undefined variable: product_info in D:\OpenServer\domains\odri.loc\catalog\controller\extension\module\odrimain.php on line 74
2017-09-18 14:27:51 - PHP Notice:  Undefined index: title in D:\OpenServer\domains\odri.loc\catalog\controller\extension\module\odrimain.php on line 81
2017-09-18 14:27:51 - PHP Notice:  Undefined variable: product_info in D:\OpenServer\domains\odri.loc\catalog\controller\extension\module\odrimain.php on line 74
2017-09-18 14:27:51 - PHP Notice:  Undefined index: title in D:\OpenServer\domains\odri.loc\catalog\controller\extension\module\odrimain.php on line 81
2017-09-18 14:28:08 - PHP Notice:  Undefined index: title in D:\OpenServer\domains\odri.loc\catalog\controller\extension\module\odrimain.php on line 81
2017-09-18 14:28:08 - PHP Notice:  Undefined index: title in D:\OpenServer\domains\odri.loc\catalog\controller\extension\module\odrimain.php on line 81
2017-09-18 14:28:08 - PHP Notice:  Undefined index: title in D:\OpenServer\domains\odri.loc\catalog\controller\extension\module\odrimain.php on line 81
2017-09-18 14:28:08 - PHP Notice:  Undefined index: title in D:\OpenServer\domains\odri.loc\catalog\controller\extension\module\odrimain.php on line 81
2017-09-18 14:28:08 - PHP Notice:  Undefined index: title in D:\OpenServer\domains\odri.loc\catalog\controller\extension\module\odrimain.php on line 81
2017-09-18 15:01:48 - PHP Notice:  Undefined index: limit_bestseller in D:\OpenServer\domains\odri.loc\admin\controller\extension\module\odrimain.php on line 222
2017-09-18 15:01:48 - PHP Notice:  Undefined index: width_bestseller in D:\OpenServer\domains\odri.loc\admin\controller\extension\module\odrimain.php on line 230
2017-09-18 15:01:48 - PHP Notice:  Undefined index: height_bestseller in D:\OpenServer\domains\odri.loc\admin\controller\extension\module\odrimain.php on line 238
2017-09-18 15:09:54 - PHP Notice:  Undefined variable: result in D:\OpenServer\domains\odri.loc\catalog\controller\extension\module\odrimain.php on line 145
2017-09-18 15:09:54 - PHP Notice:  Undefined variable: result in D:\OpenServer\domains\odri.loc\catalog\controller\extension\module\odrimain.php on line 157
2017-09-18 15:09:54 - PHP Notice:  Undefined variable: result in D:\OpenServer\domains\odri.loc\catalog\controller\extension\module\odrimain.php on line 145
2017-09-18 15:09:54 - PHP Notice:  Undefined variable: result in D:\OpenServer\domains\odri.loc\catalog\controller\extension\module\odrimain.php on line 157
2017-09-18 15:09:54 - PHP Notice:  Undefined variable: result in D:\OpenServer\domains\odri.loc\catalog\controller\extension\module\odrimain.php on line 145
2017-09-18 15:09:54 - PHP Notice:  Undefined variable: result in D:\OpenServer\domains\odri.loc\catalog\controller\extension\module\odrimain.php on line 157
2017-09-18 15:10:16 - PHP Notice:  Undefined variable: result in D:\OpenServer\domains\odri.loc\catalog\controller\extension\module\odrimain.php on line 157
2017-09-18 15:10:16 - PHP Notice:  Undefined variable: result in D:\OpenServer\domains\odri.loc\catalog\controller\extension\module\odrimain.php on line 157
2017-09-18 15:10:16 - PHP Notice:  Undefined variable: result in D:\OpenServer\domains\odri.loc\catalog\controller\extension\module\odrimain.php on line 157
2017-09-18 15:19:55 - PHP Notice:  Undefined variable: entry_title in D:\OpenServer\domains\odri.loc\admin\view\template\extension\module\odrimain.tpl on line 172
2017-09-18 15:19:55 - PHP Notice:  Undefined variable: entry_title in D:\OpenServer\domains\odri.loc\admin\view\template\extension\module\odrimain.tpl on line 174
2017-09-18 15:21:01 - PHP Notice:  Undefined variable: entry_title in D:\OpenServer\domains\odri.loc\admin\view\template\extension\module\odrimain.tpl on line 172
2017-09-18 15:21:01 - PHP Notice:  Undefined variable: entry_title in D:\OpenServer\domains\odri.loc\admin\view\template\extension\module\odrimain.tpl on line 174
2017-09-18 15:21:15 - PHP Notice:  Undefined variable: entry_title in D:\OpenServer\domains\odri.loc\admin\view\template\extension\module\odrimain.tpl on line 172
2017-09-18 15:21:15 - PHP Notice:  Undefined variable: entry_title in D:\OpenServer\domains\odri.loc\admin\view\template\extension\module\odrimain.tpl on line 174
2017-09-18 15:55:38 - PHP Notice:  Undefined variable: result in D:\OpenServer\domains\odri.loc\catalog\controller\extension\module\odrimain.php on line 82
2017-09-18 15:55:38 - PHP Notice:  Undefined variable: result in D:\OpenServer\domains\odri.loc\catalog\controller\extension\module\odrimain.php on line 82
2017-09-18 15:55:38 - PHP Notice:  Undefined variable: result in D:\OpenServer\domains\odri.loc\catalog\controller\extension\module\odrimain.php on line 82
2017-09-18 15:55:38 - PHP Notice:  Undefined variable: result in D:\OpenServer\domains\odri.loc\catalog\controller\extension\module\odrimain.php on line 82
2017-09-18 15:55:38 - PHP Notice:  Undefined variable: result in D:\OpenServer\domains\odri.loc\catalog\controller\extension\module\odrimain.php on line 82
2017-09-18 15:55:38 - PHP Notice:  Undefined index: view in D:\OpenServer\domains\odri.loc\catalog\view\theme\odri\template\extension\module\odrimain.tpl on line 43
2017-09-18 15:55:38 - PHP Notice:  Undefined index: view in D:\OpenServer\domains\odri.loc\catalog\view\theme\odri\template\extension\module\odrimain.tpl on line 43
2017-09-18 15:55:38 - PHP Notice:  Undefined index: view in D:\OpenServer\domains\odri.loc\catalog\view\theme\odri\template\extension\module\odrimain.tpl on line 43
2017-09-18 15:55:38 - PHP Notice:  Undefined index: view in D:\OpenServer\domains\odri.loc\catalog\view\theme\odri\template\extension\module\odrimain.tpl on line 43
2017-09-18 15:55:38 - PHP Notice:  Undefined index: view in D:\OpenServer\domains\odri.loc\catalog\view\theme\odri\template\extension\module\odrimain.tpl on line 43
2017-09-18 15:55:52 - PHP Notice:  Undefined index: information_id in D:\OpenServer\domains\odri.loc\catalog\controller\extension\module\odrimain.php on line 82
2017-09-18 15:55:52 - PHP Notice:  Undefined index: information_id in D:\OpenServer\domains\odri.loc\catalog\controller\extension\module\odrimain.php on line 82
2017-09-18 15:55:52 - PHP Notice:  Undefined index: information_id in D:\OpenServer\domains\odri.loc\catalog\controller\extension\module\odrimain.php on line 82
2017-09-18 15:55:52 - PHP Notice:  Undefined index: information_id in D:\OpenServer\domains\odri.loc\catalog\controller\extension\module\odrimain.php on line 82
2017-09-18 15:55:52 - PHP Notice:  Undefined index: information_id in D:\OpenServer\domains\odri.loc\catalog\controller\extension\module\odrimain.php on line 82
2017-09-18 15:55:52 - PHP Notice:  Undefined index: view in D:\OpenServer\domains\odri.loc\catalog\view\theme\odri\template\extension\module\odrimain.tpl on line 43
2017-09-18 15:55:52 - PHP Notice:  Undefined index: view in D:\OpenServer\domains\odri.loc\catalog\view\theme\odri\template\extension\module\odrimain.tpl on line 43
2017-09-18 15:55:52 - PHP Notice:  Undefined index: view in D:\OpenServer\domains\odri.loc\catalog\view\theme\odri\template\extension\module\odrimain.tpl on line 43
2017-09-18 15:55:52 - PHP Notice:  Undefined index: view in D:\OpenServer\domains\odri.loc\catalog\view\theme\odri\template\extension\module\odrimain.tpl on line 43
2017-09-18 15:55:52 - PHP Notice:  Undefined index: view in D:\OpenServer\domains\odri.loc\catalog\view\theme\odri\template\extension\module\odrimain.tpl on line 43
2017-09-18 15:57:35 - PHP Notice:  Undefined index: information_id in D:\OpenServer\domains\odri.loc\catalog\controller\extension\module\odrimain.php on line 82
2017-09-18 15:57:35 - PHP Notice:  Undefined index: information_id in D:\OpenServer\domains\odri.loc\catalog\controller\extension\module\odrimain.php on line 82
2017-09-18 15:57:35 - PHP Notice:  Undefined index: information_id in D:\OpenServer\domains\odri.loc\catalog\controller\extension\module\odrimain.php on line 82
2017-09-18 15:57:35 - PHP Notice:  Undefined index: information_id in D:\OpenServer\domains\odri.loc\catalog\controller\extension\module\odrimain.php on line 82
2017-09-18 15:57:35 - PHP Notice:  Undefined index: information_id in D:\OpenServer\domains\odri.loc\catalog\controller\extension\module\odrimain.php on line 82
2017-09-18 15:57:35 - PHP Notice:  Undefined index: view in D:\OpenServer\domains\odri.loc\catalog\view\theme\odri\template\extension\module\odrimain.tpl on line 43
2017-09-18 15:57:35 - PHP Notice:  Undefined index: view in D:\OpenServer\domains\odri.loc\catalog\view\theme\odri\template\extension\module\odrimain.tpl on line 43
2017-09-18 15:57:35 - PHP Notice:  Undefined index: view in D:\OpenServer\domains\odri.loc\catalog\view\theme\odri\template\extension\module\odrimain.tpl on line 43
2017-09-18 15:57:35 - PHP Notice:  Undefined index: view in D:\OpenServer\domains\odri.loc\catalog\view\theme\odri\template\extension\module\odrimain.tpl on line 43
2017-09-18 15:57:35 - PHP Notice:  Undefined index: view in D:\OpenServer\domains\odri.loc\catalog\view\theme\odri\template\extension\module\odrimain.tpl on line 43
2017-09-18 16:05:06 - PHP Notice:  Undefined index: information_id in D:\OpenServer\domains\odri.loc\catalog\controller\extension\module\odrimain.php on line 82
2017-09-18 16:05:06 - PHP Notice:  Undefined index: information_id in D:\OpenServer\domains\odri.loc\catalog\controller\extension\module\odrimain.php on line 82
2017-09-18 16:05:06 - PHP Notice:  Undefined index: information_id in D:\OpenServer\domains\odri.loc\catalog\controller\extension\module\odrimain.php on line 82
2017-09-18 16:05:06 - PHP Notice:  Undefined index: information_id in D:\OpenServer\domains\odri.loc\catalog\controller\extension\module\odrimain.php on line 82
2017-09-18 16:05:06 - PHP Notice:  Undefined index: information_id in D:\OpenServer\domains\odri.loc\catalog\controller\extension\module\odrimain.php on line 82
2017-09-18 16:05:06 - PHP Notice:  Undefined index: view in D:\OpenServer\domains\odri.loc\catalog\view\theme\odri\template\extension\module\odrimain.tpl on line 43
2017-09-18 16:05:06 - PHP Notice:  Undefined index: view in D:\OpenServer\domains\odri.loc\catalog\view\theme\odri\template\extension\module\odrimain.tpl on line 43
2017-09-18 16:05:06 - PHP Notice:  Undefined index: view in D:\OpenServer\domains\odri.loc\catalog\view\theme\odri\template\extension\module\odrimain.tpl on line 43
2017-09-18 16:05:06 - PHP Notice:  Undefined index: view in D:\OpenServer\domains\odri.loc\catalog\view\theme\odri\template\extension\module\odrimain.tpl on line 43
2017-09-18 16:05:06 - PHP Notice:  Undefined index: view in D:\OpenServer\domains\odri.loc\catalog\view\theme\odri\template\extension\module\odrimain.tpl on line 43
2017-09-18 16:17:15 - PHP Notice:  Undefined variable: result in D:\OpenServer\domains\odri.loc\catalog\controller\extension\module\odrimain.php on line 82
2017-09-18 16:17:15 - PHP Notice:  Undefined variable: result in D:\OpenServer\domains\odri.loc\catalog\controller\extension\module\odrimain.php on line 82
2017-09-18 16:17:15 - PHP Notice:  Undefined variable: url in D:\OpenServer\domains\odri.loc\catalog\controller\extension\module\odrimain.php on line 82
2017-09-18 16:17:15 - PHP Notice:  Undefined variable: result in D:\OpenServer\domains\odri.loc\catalog\controller\extension\module\odrimain.php on line 82
2017-09-18 16:17:15 - PHP Notice:  Undefined variable: result in D:\OpenServer\domains\odri.loc\catalog\controller\extension\module\odrimain.php on line 82
2017-09-18 16:17:15 - PHP Notice:  Undefined variable: url in D:\OpenServer\domains\odri.loc\catalog\controller\extension\module\odrimain.php on line 82
2017-09-18 16:17:15 - PHP Notice:  Undefined variable: result in D:\OpenServer\domains\odri.loc\catalog\controller\extension\module\odrimain.php on line 82
2017-09-18 16:17:15 - PHP Notice:  Undefined variable: result in D:\OpenServer\domains\odri.loc\catalog\controller\extension\module\odrimain.php on line 82
2017-09-18 16:17:15 - PHP Notice:  Undefined variable: url in D:\OpenServer\domains\odri.loc\catalog\controller\extension\module\odrimain.php on line 82
2017-09-18 16:17:15 - PHP Notice:  Undefined variable: result in D:\OpenServer\domains\odri.loc\catalog\controller\extension\module\odrimain.php on line 82
2017-09-18 16:17:15 - PHP Notice:  Undefined variable: result in D:\OpenServer\domains\odri.loc\catalog\controller\extension\module\odrimain.php on line 82
2017-09-18 16:17:15 - PHP Notice:  Undefined variable: url in D:\OpenServer\domains\odri.loc\catalog\controller\extension\module\odrimain.php on line 82
2017-09-18 16:17:15 - PHP Notice:  Undefined variable: result in D:\OpenServer\domains\odri.loc\catalog\controller\extension\module\odrimain.php on line 82
2017-09-18 16:17:15 - PHP Notice:  Undefined variable: result in D:\OpenServer\domains\odri.loc\catalog\controller\extension\module\odrimain.php on line 82
2017-09-18 16:17:15 - PHP Notice:  Undefined variable: url in D:\OpenServer\domains\odri.loc\catalog\controller\extension\module\odrimain.php on line 82
2017-09-18 16:17:15 - PHP Notice:  Undefined index: view in D:\OpenServer\domains\odri.loc\catalog\view\theme\odri\template\extension\module\odrimain.tpl on line 43
2017-09-18 16:17:15 - PHP Notice:  Undefined index: view in D:\OpenServer\domains\odri.loc\catalog\view\theme\odri\template\extension\module\odrimain.tpl on line 43
2017-09-18 16:17:15 - PHP Notice:  Undefined index: view in D:\OpenServer\domains\odri.loc\catalog\view\theme\odri\template\extension\module\odrimain.tpl on line 43
2017-09-18 16:17:15 - PHP Notice:  Undefined index: view in D:\OpenServer\domains\odri.loc\catalog\view\theme\odri\template\extension\module\odrimain.tpl on line 43
2017-09-18 16:17:15 - PHP Notice:  Undefined index: view in D:\OpenServer\domains\odri.loc\catalog\view\theme\odri\template\extension\module\odrimain.tpl on line 43
2017-09-18 16:17:26 - PHP Notice:  Undefined index: product_id in D:\OpenServer\domains\odri.loc\catalog\controller\extension\module\odrimain.php on line 82
2017-09-18 16:17:26 - PHP Notice:  Undefined variable: url in D:\OpenServer\domains\odri.loc\catalog\controller\extension\module\odrimain.php on line 82
2017-09-18 16:17:26 - PHP Notice:  Undefined index: product_id in D:\OpenServer\domains\odri.loc\catalog\controller\extension\module\odrimain.php on line 82
2017-09-18 16:17:26 - PHP Notice:  Undefined variable: url in D:\OpenServer\domains\odri.loc\catalog\controller\extension\module\odrimain.php on line 82
2017-09-18 16:17:26 - PHP Notice:  Undefined index: product_id in D:\OpenServer\domains\odri.loc\catalog\controller\extension\module\odrimain.php on line 82
2017-09-18 16:17:26 - PHP Notice:  Undefined variable: url in D:\OpenServer\domains\odri.loc\catalog\controller\extension\module\odrimain.php on line 82
2017-09-18 16:17:26 - PHP Notice:  Undefined index: product_id in D:\OpenServer\domains\odri.loc\catalog\controller\extension\module\odrimain.php on line 82
2017-09-18 16:17:26 - PHP Notice:  Undefined variable: url in D:\OpenServer\domains\odri.loc\catalog\controller\extension\module\odrimain.php on line 82
2017-09-18 16:17:26 - PHP Notice:  Undefined index: product_id in D:\OpenServer\domains\odri.loc\catalog\controller\extension\module\odrimain.php on line 82
2017-09-18 16:17:26 - PHP Notice:  Undefined variable: url in D:\OpenServer\domains\odri.loc\catalog\controller\extension\module\odrimain.php on line 82
2017-09-18 16:17:26 - PHP Notice:  Undefined index: view in D:\OpenServer\domains\odri.loc\catalog\view\theme\odri\template\extension\module\odrimain.tpl on line 43
2017-09-18 16:17:26 - PHP Notice:  Undefined index: view in D:\OpenServer\domains\odri.loc\catalog\view\theme\odri\template\extension\module\odrimain.tpl on line 43
2017-09-18 16:17:26 - PHP Notice:  Undefined index: view in D:\OpenServer\domains\odri.loc\catalog\view\theme\odri\template\extension\module\odrimain.tpl on line 43
2017-09-18 16:17:26 - PHP Notice:  Undefined index: view in D:\OpenServer\domains\odri.loc\catalog\view\theme\odri\template\extension\module\odrimain.tpl on line 43
2017-09-18 16:17:26 - PHP Notice:  Undefined index: view in D:\OpenServer\domains\odri.loc\catalog\view\theme\odri\template\extension\module\odrimain.tpl on line 43
2017-09-18 16:17:44 - PHP Notice:  Undefined index: view in D:\OpenServer\domains\odri.loc\catalog\view\theme\odri\template\extension\module\odrimain.tpl on line 43
2017-09-18 16:17:44 - PHP Notice:  Undefined index: view in D:\OpenServer\domains\odri.loc\catalog\view\theme\odri\template\extension\module\odrimain.tpl on line 43
2017-09-18 16:17:44 - PHP Notice:  Undefined index: view in D:\OpenServer\domains\odri.loc\catalog\view\theme\odri\template\extension\module\odrimain.tpl on line 43
2017-09-18 16:17:44 - PHP Notice:  Undefined index: view in D:\OpenServer\domains\odri.loc\catalog\view\theme\odri\template\extension\module\odrimain.tpl on line 43
2017-09-18 16:17:44 - PHP Notice:  Undefined index: view in D:\OpenServer\domains\odri.loc\catalog\view\theme\odri\template\extension\module\odrimain.tpl on line 43
2017-09-19 15:32:54 - PHP Notice:  Undefined variable: product in D:\OpenServer\domains\odri.loc\catalog\view\theme\odri\template\product\product.tpl on line 50
2017-09-19 16:25:02 - PHP Notice:  Undefined index: descr_featured in D:\OpenServer\domains\odri.loc\admin\view\template\catalog\product_form.tpl on line 70
2017-09-19 16:26:24 - PHP Notice:  Undefined index: descr_featured in D:\OpenServer\domains\odri.loc\admin\view\template\catalog\product_form.tpl on line 70
